2024-05-05 23:33:35,658 INFO o.a.j.u.JMeterUtils: Setting Locale to en_EN
2024-05-05 23:33:35,721 INFO o.a.j.JMeter: Loading user properties from: user.properties
2024-05-05 23:33:35,737 INFO o.a.j.JMeter: Loading system properties from: system.properties
2024-05-05 23:33:35,737 INFO o.a.j.JMeter: Copyright (c) 1998-2022 The Apache Software Foundation
2024-05-05 23:33:35,737 INFO o.a.j.JMeter: Version 5.5
2024-05-05 23:33:35,737 INFO o.a.j.JMeter: java.version=17.0.11
2024-05-05 23:33:35,737 INFO o.a.j.JMeter: java.vm.name=Java HotSpot(TM) 64-Bit Server VM
2024-05-05 23:33:35,737 INFO o.a.j.JMeter: os.name=Windows 10
2024-05-05 23:33:35,737 INFO o.a.j.JMeter: os.arch=amd64
2024-05-05 23:33:35,737 INFO o.a.j.JMeter: os.version=10.0
2024-05-05 23:33:35,737 INFO o.a.j.JMeter: file.encoding=Cp1252
2024-05-05 23:33:35,737 INFO o.a.j.JMeter: java.awt.headless=null
2024-05-05 23:33:35,737 INFO o.a.j.JMeter: Max memory     =1073741824
2024-05-05 23:33:35,737 INFO o.a.j.JMeter: Available Processors =16
2024-05-05 23:33:35,758 INFO o.a.j.JMeter: Default Locale=English (EN)
2024-05-05 23:33:35,758 INFO o.a.j.JMeter: JMeter  Locale=English (EN)
2024-05-05 23:33:35,758 INFO o.a.j.JMeter: JMeterHome=C:\Rajesh\Performance_Testing\Tools\JMeter\apache-jmeter\jmeter
2024-05-05 23:33:35,758 INFO o.a.j.JMeter: user.dir  =C:\Rajesh\Performance_Testing\Tools\JMeter\apache-jmeter\jmeter\bin
2024-05-05 23:33:35,758 INFO o.a.j.JMeter: PWD       =C:\Rajesh\Performance_Testing\Tools\JMeter\apache-jmeter\jmeter\bin
2024-05-05 23:33:35,758 INFO o.a.j.JMeter: IP: 192.168.68.102 Name: PL-NZ-PF45G0W1 FullName: PL-NZ-PF45G0W1.planit.local
2024-05-05 23:33:35,763 INFO o.a.j.JMeter: Loaded icon properties from org/apache/jmeter/images/icon.properties
2024-05-05 23:33:36,053 INFO o.a.j.JMeterGuiLauncher: Setting LAF to: com.github.weisj.darklaf.DarkLaf:com.github.weisj.darklaf.theme.DarculaTheme
2024-05-05 23:33:37,239 ERROR o.a.j.r.ClassFinder: Error filtering class kotlin.time.ComparableTimeMark, it will be ignored
java.lang.IncompatibleClassChangeError: class kotlin.time.ComparableTimeMark can not implement kotlin.time.TimeMark, because it is not an interface (kotlin.time.TimeMark is in unnamed module of loader org.apache.jmeter.DynamicClassLoader @65ab7765)
	at java.lang.ClassLoader.defineClass1(Native Method) ~[?:?]
	at java.lang.ClassLoader.defineClass(ClassLoader.java:1012) ~[?:?]
	at java.security.SecureClassLoader.defineClass(SecureClassLoader.java:150) ~[?:?]
	at java.net.URLClassLoader.defineClass(URLClassLoader.java:524) ~[?:?]
	at java.net.URLClassLoader$1.run(URLClassLoader.java:427) ~[?:?]
	at java.net.URLClassLoader$1.run(URLClassLoader.java:421) ~[?:?]
	at java.security.AccessController.doPrivileged(AccessController.java:712) ~[?:?]
	at java.net.URLClassLoader.findClass(URLClassLoader.java:420) ~[?:?]
	at java.lang.ClassLoader.loadClass(ClassLoader.java:587) ~[?:?]
	at java.lang.ClassLoader.loadClass(ClassLoader.java:520) ~[?:?]
	at java.lang.Class.forName0(Native Method) ~[?:?]
	at java.lang.Class.forName(Class.java:467) ~[?:?]
	at org.apache.jorphan.reflect.ClassFinder$ExtendsClassFilter.isChildOf(ClassFinder.java:100) ~[jorphan.jar:5.5]
	at org.apache.jorphan.reflect.ClassFinder$ExtendsClassFilter.accept(ClassFinder.java:86) ~[jorphan.jar:5.5]
	at org.apache.jorphan.reflect.ClassFinder.applyFiltering(ClassFinder.java:404) ~[jorphan.jar:5.5]
	at org.apache.jorphan.reflect.ClassFinder.lambda$findClassesInOnePath$2(ClassFinder.java:364) ~[jorphan.jar:5.5]
	at java.util.stream.ForEachOps$ForEachOp$OfRef.accept(ForEachOps.java:183) ~[?:?]
	at java.util.stream.ReferencePipeline$2$1.accept(ReferencePipeline.java:179) ~[?:?]
	at java.util.zip.ZipFile$EntrySpliterator.tryAdvance(ZipFile.java:567) ~[?:?]
	at java.util.Spliterator.forEachRemaining(Spliterator.java:332) ~[?:?]
	at java.util.stream.AbstractPipeline.copyInto(AbstractPipeline.java:509) ~[?:?]
	at java.util.stream.AbstractPipeline.wrapAndCopyInto(AbstractPipeline.java:499) ~[?:?]
	at java.util.stream.ForEachOps$ForEachOp.evaluateSequential(ForEachOps.java:150) ~[?:?]
	at java.util.stream.ForEachOps$ForEachOp$OfRef.evaluateSequential(ForEachOps.java:173) ~[?:?]
	at java.util.stream.AbstractPipeline.evaluate(AbstractPipeline.java:234) ~[?:?]
	at java.util.stream.ReferencePipeline.forEach(ReferencePipeline.java:596) ~[?:?]
	at org.apache.jorphan.reflect.ClassFinder.findClassesInOnePath(ClassFinder.java:362) ~[jorphan.jar:5.5]
	at org.apache.jorphan.reflect.ClassFinder.findClasses(ClassFinder.java:326) ~[jorphan.jar:5.5]
	at org.apache.jorphan.reflect.ClassFinder.findClassesThatExtend(ClassFinder.java:299) ~[jorphan.jar:5.5]
	at org.apache.jmeter.gui.action.ActionRouter.findClassesThatExtend(ActionRouter.java:314) ~[ApacheJMeter_core.jar:5.5]
	at org.apache.jmeter.gui.action.ActionRouter.populateCommandMap(ActionRouter.java:350) ~[ApacheJMeter_core.jar:5.5]
	at org.apache.jmeter.JMeterGuiLauncher$startGuiInternal$2.invokeSuspend(JMeterGuiLauncher.kt:106) ~[ApacheJMeter_core.jar:5.5]
	at kotlin.coroutines.jvm.internal.BaseContinuationImpl.resumeWith(ContinuationImpl.kt:33) ~[kotlin-stdlib-1.6.21.jar:1.6.21-release-334(1.6.21)]
	at kotlinx.coroutines.DispatchedTask.run(DispatchedTask.kt:106) ~[kotlinx-coroutines-core-jvm-1.6.1.jar:?]
	at kotlinx.coroutines.scheduling.CoroutineScheduler.runSafely(CoroutineScheduler.kt:570) ~[kotlinx-coroutines-core-jvm-1.6.1.jar:?]
	at kotlinx.coroutines.scheduling.CoroutineScheduler$Worker.executeTask(CoroutineScheduler.kt:749) ~[kotlinx-coroutines-core-jvm-1.6.1.jar:?]
	at kotlinx.coroutines.scheduling.CoroutineScheduler$Worker.runWorker(CoroutineScheduler.kt:677) ~[kotlinx-coroutines-core-jvm-1.6.1.jar:?]
	at kotlinx.coroutines.scheduling.CoroutineScheduler$Worker.run(CoroutineScheduler.kt:664) ~[kotlinx-coroutines-core-jvm-1.6.1.jar:?]
2024-05-05 23:33:38,194 ERROR o.a.j.r.ClassFinder: Error filtering class kotlin.time.ComparableTimeMark, it will be ignored
java.lang.IncompatibleClassChangeError: class kotlin.time.ComparableTimeMark can not implement kotlin.time.TimeMark, because it is not an interface (kotlin.time.TimeMark is in unnamed module of loader org.apache.jmeter.DynamicClassLoader @65ab7765)
	at java.lang.ClassLoader.defineClass1(Native Method) ~[?:?]
	at java.lang.ClassLoader.defineClass(ClassLoader.java:1012) ~[?:?]
	at java.security.SecureClassLoader.defineClass(SecureClassLoader.java:150) ~[?:?]
	at java.net.URLClassLoader.defineClass(URLClassLoader.java:524) ~[?:?]
	at java.net.URLClassLoader$1.run(URLClassLoader.java:427) ~[?:?]
	at java.net.URLClassLoader$1.run(URLClassLoader.java:421) ~[?:?]
	at java.security.AccessController.doPrivileged(AccessController.java:712) ~[?:?]
	at java.net.URLClassLoader.findClass(URLClassLoader.java:420) ~[?:?]
	at java.lang.ClassLoader.loadClass(ClassLoader.java:587) ~[?:?]
	at java.lang.ClassLoader.loadClass(ClassLoader.java:520) ~[?:?]
	at java.lang.Class.forName0(Native Method) ~[?:?]
	at java.lang.Class.forName(Class.java:467) ~[?:?]
	at org.apache.jorphan.reflect.ClassFinder$ExtendsClassFilter.isChildOf(ClassFinder.java:100) ~[jorphan.jar:5.5]
	at org.apache.jorphan.reflect.ClassFinder$ExtendsClassFilter.accept(ClassFinder.java:86) ~[jorphan.jar:5.5]
	at org.apache.jorphan.reflect.ClassFinder.applyFiltering(ClassFinder.java:404) ~[jorphan.jar:5.5]
	at org.apache.jorphan.reflect.ClassFinder.lambda$findClassesInOnePath$2(ClassFinder.java:364) ~[jorphan.jar:5.5]
	at java.util.stream.ForEachOps$ForEachOp$OfRef.accept(ForEachOps.java:183) ~[?:?]
	at java.util.stream.ReferencePipeline$2$1.accept(ReferencePipeline.java:179) ~[?:?]
	at java.util.zip.ZipFile$EntrySpliterator.tryAdvance(ZipFile.java:567) ~[?:?]
	at java.util.Spliterator.forEachRemaining(Spliterator.java:332) ~[?:?]
	at java.util.stream.AbstractPipeline.copyInto(AbstractPipeline.java:509) ~[?:?]
	at java.util.stream.AbstractPipeline.wrapAndCopyInto(AbstractPipeline.java:499) ~[?:?]
	at java.util.stream.ForEachOps$ForEachOp.evaluateSequential(ForEachOps.java:150) ~[?:?]
	at java.util.stream.ForEachOps$ForEachOp$OfRef.evaluateSequential(ForEachOps.java:173) ~[?:?]
	at java.util.stream.AbstractPipeline.evaluate(AbstractPipeline.java:234) ~[?:?]
	at java.util.stream.ReferencePipeline.forEach(ReferencePipeline.java:596) ~[?:?]
	at org.apache.jorphan.reflect.ClassFinder.findClassesInOnePath(ClassFinder.java:362) ~[jorphan.jar:5.5]
	at org.apache.jorphan.reflect.ClassFinder.findClasses(ClassFinder.java:326) ~[jorphan.jar:5.5]
	at org.apache.jorphan.reflect.ClassFinder.findClassesThatExtend(ClassFinder.java:299) ~[jorphan.jar:5.5]
	at org.apache.jorphan.reflect.ClassFinder.findClassesThatExtend(ClassFinder.java:231) ~[jorphan.jar:5.5]
	at org.apache.jorphan.reflect.ClassFinder.findClassesThatExtend(ClassFinder.java:213) ~[jorphan.jar:5.5]
	at org.apache.jorphan.reflect.ClassFinder.findClassesThatExtend(ClassFinder.java:182) ~[jorphan.jar:5.5]
	at org.apache.jmeter.gui.util.JMeterMenuBar.findMenuCreators(JMeterMenuBar.java:223) ~[ApacheJMeter_core.jar:5.5]
	at org.apache.jmeter.gui.util.JMeterMenuBar.createMenuBar(JMeterMenuBar.java:196) ~[ApacheJMeter_core.jar:5.5]
	at org.apache.jmeter.gui.util.JMeterMenuBar.<init>(JMeterMenuBar.java:117) ~[ApacheJMeter_core.jar:5.5]
	at org.apache.jmeter.gui.MainFrame.init(MainFrame.java:515) ~[ApacheJMeter_core.jar:5.5]
	at org.apache.jmeter.gui.MainFrame.<init>(MainFrame.java:232) ~[ApacheJMeter_core.jar:5.5]
	at org.apache.jmeter.JMeterGuiLauncher.startGuiInternal(JMeterGuiLauncher.kt:115) ~[ApacheJMeter_core.jar:5.5]
	at org.apache.jmeter.JMeterGuiLauncher.access$startGuiInternal(JMeterGuiLauncher.kt:47) ~[ApacheJMeter_core.jar:5.5]
	at org.apache.jmeter.JMeterGuiLauncher$startGuiInternal$1.invokeSuspend(JMeterGuiLauncher.kt) ~[ApacheJMeter_core.jar:5.5]
	at kotlin.coroutines.jvm.internal.BaseContinuationImpl.resumeWith(ContinuationImpl.kt:33) ~[kotlin-stdlib-1.6.21.jar:1.6.21-release-334(1.6.21)]
	at kotlinx.coroutines.DispatchedTask.run(DispatchedTask.kt:106) ~[kotlinx-coroutines-core-jvm-1.6.1.jar:?]
	at java.awt.event.InvocationEvent.dispatch(InvocationEvent.java:318) ~[?:?]
	at java.awt.EventQueue.dispatchEventImpl(EventQueue.java:771) ~[?:?]
	at java.awt.EventQueue$4.run(EventQueue.java:722) ~[?:?]
	at java.awt.EventQueue$4.run(EventQueue.java:716) ~[?:?]
	at java.security.AccessController.doPrivileged(AccessController.java:399) ~[?:?]
	at java.security.ProtectionDomain$JavaSecurityAccessImpl.doIntersectionPrivilege(ProtectionDomain.java:86) ~[?:?]
	at java.awt.EventQueue.dispatchEvent(EventQueue.java:741) ~[?:?]
	at java.awt.EventDispatchThread.pumpOneEventForFilters(EventDispatchThread.java:203) ~[?:?]
	at java.awt.EventDispatchThread.pumpEventsForFilter(EventDispatchThread.java:124) ~[?:?]
	at java.awt.EventDispatchThread.pumpEventsForFilter(EventDispatchThread.java:117) ~[?:?]
	at java.awt.WaitDispatchSupport$2.run(WaitDispatchSupport.java:191) ~[?:?]
	at java.awt.WaitDispatchSupport$4.run(WaitDispatchSupport.java:236) ~[?:?]
	at java.awt.WaitDispatchSupport$4.run(WaitDispatchSupport.java:234) ~[?:?]
	at java.security.AccessController.doPrivileged(AccessController.java:318) ~[?:?]
	at java.awt.WaitDispatchSupport.enter(WaitDispatchSupport.java:234) ~[?:?]
	at java.awt.Dialog.show(Dialog.java:1080) ~[?:?]
	at java.awt.Component.show(Component.java:1728) ~[?:?]
	at java.awt.Component.setVisible(Component.java:1675) ~[?:?]
	at java.awt.Window.setVisible(Window.java:1036) ~[?:?]
	at java.awt.Dialog.setVisible(Dialog.java:1016) ~[?:?]
	at org.apache.jmeter.SplashScreen.lambda$showScreen$0(SplashScreen.java:95) ~[ApacheJMeter_core.jar:5.5]
	at java.awt.event.InvocationEvent.dispatch(InvocationEvent.java:318) ~[?:?]
	at java.awt.EventQueue.dispatchEventImpl(EventQueue.java:771) ~[?:?]
	at java.awt.EventQueue$4.run(EventQueue.java:722) ~[?:?]
	at java.awt.EventQueue$4.run(EventQueue.java:716) ~[?:?]
	at java.security.AccessController.doPrivileged(AccessController.java:399) ~[?:?]
	at java.security.ProtectionDomain$JavaSecurityAccessImpl.doIntersectionPrivilege(ProtectionDomain.java:86) ~[?:?]
	at java.awt.EventQueue.dispatchEvent(EventQueue.java:741) ~[?:?]
	at java.awt.EventDispatchThread.pumpOneEventForFilters(EventDispatchThread.java:203) ~[?:?]
	at java.awt.EventDispatchThread.pumpEventsForFilter(EventDispatchThread.java:124) ~[?:?]
	at java.awt.EventDispatchThread.pumpEventsForHierarchy(EventDispatchThread.java:113) ~[?:?]
	at java.awt.EventDispatchThread.pumpEvents(EventDispatchThread.java:109) ~[?:?]
	at java.awt.EventDispatchThread.pumpEvents(EventDispatchThread.java:101) ~[?:?]
	at java.awt.EventDispatchThread.run(EventDispatchThread.java:90) ~[?:?]
2024-05-05 23:33:38,526 INFO o.j.r.JARSourceHTTP: Requesting https://jmeter-plugins.org/repo/?installID=windows_10-d2ee7f12d5b7f489de10e8e49374ee83-gui
2024-05-05 23:33:39,807 ERROR o.a.j.r.ClassFinder: Error filtering class kotlin.time.ComparableTimeMark, it will be ignored
java.lang.IncompatibleClassChangeError: class kotlin.time.ComparableTimeMark can not implement kotlin.time.TimeMark, because it is not an interface (kotlin.time.TimeMark is in unnamed module of loader org.apache.jmeter.DynamicClassLoader @65ab7765)
	at java.lang.ClassLoader.defineClass1(Native Method) ~[?:?]
	at java.lang.ClassLoader.defineClass(ClassLoader.java:1012) ~[?:?]
	at java.security.SecureClassLoader.defineClass(SecureClassLoader.java:150) ~[?:?]
	at java.net.URLClassLoader.defineClass(URLClassLoader.java:524) ~[?:?]
	at java.net.URLClassLoader$1.run(URLClassLoader.java:427) ~[?:?]
	at java.net.URLClassLoader$1.run(URLClassLoader.java:421) ~[?:?]
	at java.security.AccessController.doPrivileged(AccessController.java:712) ~[?:?]
	at java.net.URLClassLoader.findClass(URLClassLoader.java:420) ~[?:?]
	at java.lang.ClassLoader.loadClass(ClassLoader.java:587) ~[?:?]
	at java.lang.ClassLoader.loadClass(ClassLoader.java:520) ~[?:?]
	at java.lang.Class.forName0(Native Method) ~[?:?]
	at java.lang.Class.forName(Class.java:467) ~[?:?]
	at org.apache.jorphan.reflect.ClassFinder$ExtendsClassFilter.isChildOf(ClassFinder.java:100) ~[jorphan.jar:5.5]
	at org.apache.jorphan.reflect.ClassFinder$ExtendsClassFilter.accept(ClassFinder.java:86) ~[jorphan.jar:5.5]
	at org.apache.jorphan.reflect.ClassFinder.applyFiltering(ClassFinder.java:404) ~[jorphan.jar:5.5]
	at org.apache.jorphan.reflect.ClassFinder.lambda$findClassesInOnePath$2(ClassFinder.java:364) ~[jorphan.jar:5.5]
	at java.util.stream.ForEachOps$ForEachOp$OfRef.accept(ForEachOps.java:183) ~[?:?]
	at java.util.stream.ReferencePipeline$2$1.accept(ReferencePipeline.java:179) ~[?:?]
	at java.util.zip.ZipFile$EntrySpliterator.tryAdvance(ZipFile.java:567) ~[?:?]
	at java.util.Spliterator.forEachRemaining(Spliterator.java:332) ~[?:?]
	at java.util.stream.AbstractPipeline.copyInto(AbstractPipeline.java:509) ~[?:?]
	at java.util.stream.AbstractPipeline.wrapAndCopyInto(AbstractPipeline.java:499) ~[?:?]
	at java.util.stream.ForEachOps$ForEachOp.evaluateSequential(ForEachOps.java:150) ~[?:?]
	at java.util.stream.ForEachOps$ForEachOp$OfRef.evaluateSequential(ForEachOps.java:173) ~[?:?]
	at java.util.stream.AbstractPipeline.evaluate(AbstractPipeline.java:234) ~[?:?]
	at java.util.stream.ReferencePipeline.forEach(ReferencePipeline.java:596) ~[?:?]
	at org.apache.jorphan.reflect.ClassFinder.findClassesInOnePath(ClassFinder.java:362) ~[jorphan.jar:5.5]
	at org.apache.jorphan.reflect.ClassFinder.findClasses(ClassFinder.java:326) ~[jorphan.jar:5.5]
	at org.apache.jorphan.reflect.ClassFinder.findClassesThatExtend(ClassFinder.java:299) ~[jorphan.jar:5.5]
	at org.apache.jorphan.reflect.ClassFinder.findClassesThatExtend(ClassFinder.java:231) ~[jorphan.jar:5.5]
	at org.apache.jorphan.reflect.ClassFinder.findClassesThatExtend(ClassFinder.java:213) ~[jorphan.jar:5.5]
	at org.apache.jorphan.reflect.ClassFinder.findClassesThatExtend(ClassFinder.java:182) ~[jorphan.jar:5.5]
	at org.apache.jmeter.gui.util.MenuFactory.initializeMenus(MenuFactory.java:128) ~[ApacheJMeter_core.jar:5.5]
	at org.apache.jmeter.gui.util.MenuFactory.<clinit>(MenuFactory.java:107) ~[ApacheJMeter_core.jar:5.5]
	at org.apache.jmeter.control.gui.TestPlanGui.createPopupMenu(TestPlanGui.java:94) ~[ApacheJMeter_core.jar:5.5]
	at org.apache.jmeter.gui.tree.JMeterTreeNode.createPopupMenu(JMeterTreeNode.java:184) ~[ApacheJMeter_core.jar:5.5]
	at org.apache.jmeter.gui.action.EditCommand.doAction(EditCommand.java:46) ~[ApacheJMeter_core.jar:5.5]
	at org.apache.jmeter.gui.action.ActionRouter.performAction(ActionRouter.java:87) ~[ApacheJMeter_core.jar:5.5]
	at org.apache.jmeter.gui.action.ActionRouter.lambda$actionPerformed$0(ActionRouter.java:69) ~[ApacheJMeter_core.jar:5.5]
	at java.awt.event.InvocationEvent.dispatch(InvocationEvent.java:318) ~[?:?]
	at java.awt.EventQueue.dispatchEventImpl(EventQueue.java:771) ~[?:?]
	at java.awt.EventQueue$4.run(EventQueue.java:722) ~[?:?]
	at java.awt.EventQueue$4.run(EventQueue.java:716) ~[?:?]
	at java.security.AccessController.doPrivileged(AccessController.java:399) ~[?:?]
	at java.security.ProtectionDomain$JavaSecurityAccessImpl.doIntersectionPrivilege(ProtectionDomain.java:86) ~[?:?]
	at java.awt.EventQueue.dispatchEvent(EventQueue.java:741) ~[?:?]
	at java.awt.EventDispatchThread.pumpOneEventForFilters(EventDispatchThread.java:203) ~[?:?]
	at java.awt.EventDispatchThread.pumpEventsForFilter(EventDispatchThread.java:124) ~[?:?]
	at java.awt.EventDispatchThread.pumpEventsForFilter(EventDispatchThread.java:117) ~[?:?]
	at java.awt.WaitDispatchSupport$2.run(WaitDispatchSupport.java:191) ~[?:?]
	at java.awt.WaitDispatchSupport$4.run(WaitDispatchSupport.java:236) ~[?:?]
	at java.awt.WaitDispatchSupport$4.run(WaitDispatchSupport.java:234) ~[?:?]
	at java.security.AccessController.doPrivileged(AccessController.java:318) ~[?:?]
	at java.awt.WaitDispatchSupport.enter(WaitDispatchSupport.java:234) ~[?:?]
	at java.awt.Dialog.show(Dialog.java:1080) ~[?:?]
	at java.awt.Component.show(Component.java:1728) ~[?:?]
	at java.awt.Component.setVisible(Component.java:1675) ~[?:?]
	at java.awt.Window.setVisible(Window.java:1036) ~[?:?]
	at java.awt.Dialog.setVisible(Dialog.java:1016) ~[?:?]
	at org.apache.jmeter.SplashScreen.lambda$showScreen$0(SplashScreen.java:95) ~[ApacheJMeter_core.jar:5.5]
	at java.awt.event.InvocationEvent.dispatch(InvocationEvent.java:318) ~[?:?]
	at java.awt.EventQueue.dispatchEventImpl(EventQueue.java:771) ~[?:?]
	at java.awt.EventQueue$4.run(EventQueue.java:722) ~[?:?]
	at java.awt.EventQueue$4.run(EventQueue.java:716) ~[?:?]
	at java.security.AccessController.doPrivileged(AccessController.java:399) ~[?:?]
	at java.security.ProtectionDomain$JavaSecurityAccessImpl.doIntersectionPrivilege(ProtectionDomain.java:86) ~[?:?]
	at java.awt.EventQueue.dispatchEvent(EventQueue.java:741) ~[?:?]
	at java.awt.EventDispatchThread.pumpOneEventForFilters(EventDispatchThread.java:203) ~[?:?]
	at java.awt.EventDispatchThread.pumpEventsForFilter(EventDispatchThread.java:124) ~[?:?]
	at java.awt.EventDispatchThread.pumpEventsForHierarchy(EventDispatchThread.java:113) ~[?:?]
	at java.awt.EventDispatchThread.pumpEvents(EventDispatchThread.java:109) ~[?:?]
	at java.awt.EventDispatchThread.pumpEvents(EventDispatchThread.java:101) ~[?:?]
	at java.awt.EventDispatchThread.run(EventDispatchThread.java:90) ~[?:?]
2024-05-05 23:33:40,808 INFO o.j.r.PluginManager: Plugins Status: [jpgc-graphs-basic=2.0, jpgc-graphs-additional=2.0, jpgc-graphs-composite=2.0, jpgc-casutg=2.10, jmeter-har-import=v0.1.0, jmeter.pack-listener=2.07, jpgc-perfmon=2.1, jpgc-plugins-manager=1.10, jmeter-prometheus=0.7.1, jpgc-tst=2.6, websocket-sampler=1.0.3-SNAPSHOT, websocket-samplers=1.2.10, jmeter-core=5.5, jmeter-ftp=5.5, jmeter-http=5.5, jmeter-jdbc=5.5, jmeter-jms=5.5, jmeter-junit=5.5, jmeter-java=5.5, jmeter-ldap=5.5, jmeter-mail=5.5, jmeter-mongodb=5.5, jmeter-native=5.5, jmeter-tcp=5.5, jmeter-components=5.5]
2024-05-05 23:34:00,460 INFO o.a.j.s.FileServer: Default base='C:\Rajesh\Performance_Testing\Tools\JMeter\apache-jmeter\jmeter\bin'
2024-05-05 23:34:00,460 INFO o.a.j.g.a.Load: Loading file: C:\Rajesh\Performance_Testing\Tools\JMeter\apache-jmeter\jmeter\bin\examples\JPetstore.jmx
2024-05-05 23:34:00,460 INFO o.a.j.s.FileServer: Set new base='C:\Rajesh\Performance_Testing\Tools\JMeter\apache-jmeter\jmeter\bin\examples'
2024-05-05 23:34:00,608 INFO o.a.j.s.SaveService: Testplan (JMX) version: 2.2. Testlog (JTL) version: 2.2
2024-05-05 23:34:00,623 INFO o.a.j.s.SaveService: Using SaveService properties version 5.0
2024-05-05 23:34:00,623 INFO o.a.j.s.SaveService: Using SaveService properties file encoding UTF-8
2024-05-05 23:34:00,623 INFO o.a.j.s.SaveService: Loading file: C:\Rajesh\Performance_Testing\Tools\JMeter\apache-jmeter\jmeter\bin\examples\JPetstore.jmx
2024-05-05 23:34:00,745 INFO o.a.j.p.h.c.CookieManager: Settings: Delete null: true Check: true Allow variable: true Save: false Prefix: COOKIE_
2024-05-05 23:34:00,750 INFO o.a.j.p.h.c.CacheManager: Will only cache the following methods: [GET]
2024-05-05 23:34:00,750 INFO o.a.j.p.h.s.HTTPSamplerBase: Parser for text/html is org.apache.jmeter.protocol.http.parser.LagartoBasedHtmlParser
2024-05-05 23:34:00,750 INFO o.a.j.p.h.s.HTTPSamplerBase: Parser for application/xhtml+xml is org.apache.jmeter.protocol.http.parser.LagartoBasedHtmlParser
2024-05-05 23:34:00,750 INFO o.a.j.p.h.s.HTTPSamplerBase: Parser for application/xml is org.apache.jmeter.protocol.http.parser.LagartoBasedHtmlParser
2024-05-05 23:34:00,750 INFO o.a.j.p.h.s.HTTPSamplerBase: Parser for text/xml is org.apache.jmeter.protocol.http.parser.LagartoBasedHtmlParser
2024-05-05 23:34:00,750 INFO o.a.j.p.h.s.HTTPSamplerBase: Parser for text/vnd.wap.wml is org.apache.jmeter.protocol.http.parser.RegexpHTMLParser
2024-05-05 23:34:00,750 INFO o.a.j.p.h.s.HTTPSamplerBase: Parser for text/css is org.apache.jmeter.protocol.http.parser.CssParser
2024-05-05 23:34:01,124 INFO o.a.j.s.SampleResult: Note: Sample TimeStamps are START times
2024-05-05 23:34:01,124 INFO o.a.j.s.SampleResult: sampleresult.default.encoding is set to ISO-8859-1
2024-05-05 23:34:01,124 INFO o.a.j.s.SampleResult: sampleresult.useNanoTime=true
2024-05-05 23:34:01,124 INFO o.a.j.s.SampleResult: sampleresult.nanoThreadSleep=5000
2024-05-05 23:34:01,131 ERROR o.a.j.r.ClassFinder: Error filtering class kotlin.time.ComparableTimeMark, it will be ignored
java.lang.IncompatibleClassChangeError: class kotlin.time.ComparableTimeMark can not implement kotlin.time.TimeMark, because it is not an interface (kotlin.time.TimeMark is in unnamed module of loader org.apache.jmeter.DynamicClassLoader @65ab7765)
	at java.lang.ClassLoader.defineClass1(Native Method) ~[?:?]
	at java.lang.ClassLoader.defineClass(ClassLoader.java:1012) ~[?:?]
	at java.security.SecureClassLoader.defineClass(SecureClassLoader.java:150) ~[?:?]
	at java.net.URLClassLoader.defineClass(URLClassLoader.java:524) ~[?:?]
	at java.net.URLClassLoader$1.run(URLClassLoader.java:427) ~[?:?]
	at java.net.URLClassLoader$1.run(URLClassLoader.java:421) ~[?:?]
	at java.security.AccessController.doPrivileged(AccessController.java:712) ~[?:?]
	at java.net.URLClassLoader.findClass(URLClassLoader.java:420) ~[?:?]
	at java.lang.ClassLoader.loadClass(ClassLoader.java:587) ~[?:?]
	at java.lang.ClassLoader.loadClass(ClassLoader.java:520) ~[?:?]
	at java.lang.Class.forName0(Native Method) ~[?:?]
	at java.lang.Class.forName(Class.java:467) ~[?:?]
	at org.apache.jorphan.reflect.ClassFinder$ExtendsClassFilter.isChildOf(ClassFinder.java:100) ~[jorphan.jar:5.5]
	at org.apache.jorphan.reflect.ClassFinder$ExtendsClassFilter.accept(ClassFinder.java:86) ~[jorphan.jar:5.5]
	at org.apache.jorphan.reflect.ClassFinder.applyFiltering(ClassFinder.java:404) ~[jorphan.jar:5.5]
	at org.apache.jorphan.reflect.ClassFinder.lambda$findClassesInOnePath$2(ClassFinder.java:364) ~[jorphan.jar:5.5]
	at java.util.stream.ForEachOps$ForEachOp$OfRef.accept(ForEachOps.java:183) ~[?:?]
	at java.util.stream.ReferencePipeline$2$1.accept(ReferencePipeline.java:179) ~[?:?]
	at java.util.zip.ZipFile$EntrySpliterator.tryAdvance(ZipFile.java:567) ~[?:?]
	at java.util.Spliterator.forEachRemaining(Spliterator.java:332) ~[?:?]
	at java.util.stream.AbstractPipeline.copyInto(AbstractPipeline.java:509) ~[?:?]
	at java.util.stream.AbstractPipeline.wrapAndCopyInto(AbstractPipeline.java:499) ~[?:?]
	at java.util.stream.ForEachOps$ForEachOp.evaluateSequential(ForEachOps.java:150) ~[?:?]
	at java.util.stream.ForEachOps$ForEachOp$OfRef.evaluateSequential(ForEachOps.java:173) ~[?:?]
	at java.util.stream.AbstractPipeline.evaluate(AbstractPipeline.java:234) ~[?:?]
	at java.util.stream.ReferencePipeline.forEach(ReferencePipeline.java:596) ~[?:?]
	at org.apache.jorphan.reflect.ClassFinder.findClassesInOnePath(ClassFinder.java:362) ~[jorphan.jar:5.5]
	at org.apache.jorphan.reflect.ClassFinder.findClasses(ClassFinder.java:326) ~[jorphan.jar:5.5]
	at org.apache.jorphan.reflect.ClassFinder.findClassesThatExtend(ClassFinder.java:299) ~[jorphan.jar:5.5]
	at org.apache.jorphan.reflect.ClassFinder.findClassesThatExtend(ClassFinder.java:231) ~[jorphan.jar:5.5]
	at org.apache.jorphan.reflect.ClassFinder.findClassesThatExtend(ClassFinder.java:213) ~[jorphan.jar:5.5]
	at org.apache.jmeter.util.JMeterUtils.findClassesThatExtend(JMeterUtils.java:331) ~[ApacheJMeter_core.jar:5.5]
	at org.apache.jmeter.visualizers.ViewResultsFullVisualizer.createComboRender(ViewResultsFullVisualizer.java:460) ~[ApacheJMeter_components.jar:5.5]
	at org.apache.jmeter.visualizers.ViewResultsFullVisualizer.createLeftPanel(ViewResultsFullVisualizer.java:438) ~[ApacheJMeter_components.jar:5.5]
	at org.apache.jmeter.visualizers.ViewResultsFullVisualizer.init(ViewResultsFullVisualizer.java:349) ~[ApacheJMeter_components.jar:5.5]
	at org.apache.jmeter.visualizers.ViewResultsFullVisualizer.<init>(ViewResultsFullVisualizer.java:156) ~[ApacheJMeter_components.jar:5.5]
	at jdk.internal.reflect.NativeConstructorAccessorImpl.newInstance0(Native Method) ~[?:?]
	at jdk.internal.reflect.NativeConstructorAccessorImpl.newInstance(NativeConstructorAccessorImpl.java:77) ~[?:?]
	at jdk.internal.reflect.DelegatingConstructorAccessorImpl.newInstance(DelegatingConstructorAccessorImpl.java:45) ~[?:?]
	at java.lang.reflect.Constructor.newInstanceWithCaller(Constructor.java:499) ~[?:?]
	at java.lang.reflect.Constructor.newInstance(Constructor.java:480) ~[?:?]
	at org.apache.jmeter.gui.GuiPackage.getGuiFromCache(GuiPackage.java:423) ~[ApacheJMeter_core.jar:5.5]
	at org.apache.jmeter.gui.GuiPackage.getGui(GuiPackage.java:266) ~[ApacheJMeter_core.jar:5.5]
	at org.apache.jmeter.gui.GuiPackage.getGui(GuiPackage.java:237) ~[ApacheJMeter_core.jar:5.5]
	at org.apache.jmeter.gui.tree.JMeterTreeModel.addComponent(JMeterTreeModel.java:160) ~[ApacheJMeter_core.jar:5.5]
	at org.apache.jmeter.gui.tree.JMeterTreeModel.addSubTree(JMeterTreeModel.java:131) ~[ApacheJMeter_core.jar:5.5]
	at org.apache.jmeter.gui.tree.JMeterTreeModel.addSubTree(JMeterTreeModel.java:131) ~[ApacheJMeter_core.jar:5.5]
	at org.apache.jmeter.gui.tree.JMeterTreeModel.addSubTree(JMeterTreeModel.java:123) ~[ApacheJMeter_core.jar:5.5]
	at org.apache.jmeter.gui.GuiPackage.addSubTree(GuiPackage.java:554) ~[ApacheJMeter_core.jar:5.5]
	at org.apache.jmeter.gui.action.Load.insertLoadedTree(Load.java:199) ~[ApacheJMeter_core.jar:5.5]
	at org.apache.jmeter.gui.action.Load.loadProjectFile(Load.java:130) ~[ApacheJMeter_core.jar:5.5]
	at org.apache.jmeter.gui.action.Load.loadProjectFile(Load.java:101) ~[ApacheJMeter_core.jar:5.5]
	at org.apache.jmeter.gui.action.Load.doActionAfterCheck(Load.java:88) ~[ApacheJMeter_core.jar:5.5]
	at org.apache.jmeter.gui.action.AbstractActionWithNoRunningTest.doAction(AbstractActionWithNoRunningTest.java:44) ~[ApacheJMeter_core.jar:5.5]
	at org.apache.jmeter.gui.action.ActionRouter.performAction(ActionRouter.java:87) ~[ApacheJMeter_core.jar:5.5]
	at org.apache.jmeter.gui.action.ActionRouter.lambda$actionPerformed$0(ActionRouter.java:69) ~[ApacheJMeter_core.jar:5.5]
	at java.awt.event.InvocationEvent.dispatch(InvocationEvent.java:318) ~[?:?]
	at java.awt.EventQueue.dispatchEventImpl(EventQueue.java:771) ~[?:?]
	at java.awt.EventQueue$4.run(EventQueue.java:722) ~[?:?]
	at java.awt.EventQueue$4.run(EventQueue.java:716) ~[?:?]
	at java.security.AccessController.doPrivileged(AccessController.java:399) ~[?:?]
	at java.security.ProtectionDomain$JavaSecurityAccessImpl.doIntersectionPrivilege(ProtectionDomain.java:86) ~[?:?]
	at java.awt.EventQueue.dispatchEvent(EventQueue.java:741) ~[?:?]
	at java.awt.EventDispatchThread.pumpOneEventForFilters(EventDispatchThread.java:203) ~[?:?]
	at java.awt.EventDispatchThread.pumpEventsForFilter(EventDispatchThread.java:124) ~[?:?]
	at java.awt.EventDispatchThread.pumpEventsForHierarchy(EventDispatchThread.java:113) ~[?:?]
	at java.awt.EventDispatchThread.pumpEvents(EventDispatchThread.java:109) ~[?:?]
	at java.awt.EventDispatchThread.pumpEvents(EventDispatchThread.java:101) ~[?:?]
	at java.awt.EventDispatchThread.run(EventDispatchThread.java:90) ~[?:?]
2024-05-05 23:34:01,177 INFO o.a.j.v.ViewResultsFullVisualizer: Add JavaFX to your Java installation if you want to use renderer: org.apache.jmeter.visualizers.RenderInBrowser
2024-05-05 23:34:01,193 ERROR o.a.j.r.ClassFinder: Error filtering class kotlin.time.ComparableTimeMark, it will be ignored
java.lang.IncompatibleClassChangeError: class kotlin.time.ComparableTimeMark can not implement kotlin.time.TimeMark, because it is not an interface (kotlin.time.TimeMark is in unnamed module of loader org.apache.jmeter.DynamicClassLoader @65ab7765)
	at java.lang.ClassLoader.defineClass1(Native Method) ~[?:?]
	at java.lang.ClassLoader.defineClass(ClassLoader.java:1012) ~[?:?]
	at java.security.SecureClassLoader.defineClass(SecureClassLoader.java:150) ~[?:?]
	at java.net.URLClassLoader.defineClass(URLClassLoader.java:524) ~[?:?]
	at java.net.URLClassLoader$1.run(URLClassLoader.java:427) ~[?:?]
	at java.net.URLClassLoader$1.run(URLClassLoader.java:421) ~[?:?]
	at java.security.AccessController.doPrivileged(AccessController.java:712) ~[?:?]
	at java.net.URLClassLoader.findClass(URLClassLoader.java:420) ~[?:?]
	at java.lang.ClassLoader.loadClass(ClassLoader.java:587) ~[?:?]
	at java.lang.ClassLoader.loadClass(ClassLoader.java:520) ~[?:?]
	at java.lang.Class.forName0(Native Method) ~[?:?]
	at java.lang.Class.forName(Class.java:467) ~[?:?]
	at org.apache.jorphan.reflect.ClassFinder$ExtendsClassFilter.isChildOf(ClassFinder.java:100) ~[jorphan.jar:5.5]
	at org.apache.jorphan.reflect.ClassFinder$ExtendsClassFilter.accept(ClassFinder.java:86) ~[jorphan.jar:5.5]
	at org.apache.jorphan.reflect.ClassFinder.applyFiltering(ClassFinder.java:404) ~[jorphan.jar:5.5]
	at org.apache.jorphan.reflect.ClassFinder.lambda$findClassesInOnePath$2(ClassFinder.java:364) ~[jorphan.jar:5.5]
	at java.util.stream.ForEachOps$ForEachOp$OfRef.accept(ForEachOps.java:183) ~[?:?]
	at java.util.stream.ReferencePipeline$2$1.accept(ReferencePipeline.java:179) ~[?:?]
	at java.util.zip.ZipFile$EntrySpliterator.tryAdvance(ZipFile.java:567) ~[?:?]
	at java.util.Spliterator.forEachRemaining(Spliterator.java:332) ~[?:?]
	at java.util.stream.AbstractPipeline.copyInto(AbstractPipeline.java:509) ~[?:?]
	at java.util.stream.AbstractPipeline.wrapAndCopyInto(AbstractPipeline.java:499) ~[?:?]
	at java.util.stream.ForEachOps$ForEachOp.evaluateSequential(ForEachOps.java:150) ~[?:?]
	at java.util.stream.ForEachOps$ForEachOp$OfRef.evaluateSequential(ForEachOps.java:173) ~[?:?]
	at java.util.stream.AbstractPipeline.evaluate(AbstractPipeline.java:234) ~[?:?]
	at java.util.stream.ReferencePipeline.forEach(ReferencePipeline.java:596) ~[?:?]
	at org.apache.jorphan.reflect.ClassFinder.findClassesInOnePath(ClassFinder.java:362) ~[jorphan.jar:5.5]
	at org.apache.jorphan.reflect.ClassFinder.findClasses(ClassFinder.java:326) ~[jorphan.jar:5.5]
	at org.apache.jorphan.reflect.ClassFinder.findClassesThatExtend(ClassFinder.java:299) ~[jorphan.jar:5.5]
	at org.apache.jorphan.reflect.ClassFinder.findClassesThatExtend(ClassFinder.java:231) ~[jorphan.jar:5.5]
	at org.apache.jorphan.reflect.ClassFinder.findClassesThatExtend(ClassFinder.java:213) ~[jorphan.jar:5.5]
	at org.apache.jmeter.util.JMeterUtils.findClassesThatExtend(JMeterUtils.java:331) ~[ApacheJMeter_core.jar:5.5]
	at org.apache.jmeter.visualizers.RequestPanel.<init>(RequestPanel.java:57) ~[ApacheJMeter_components.jar:5.5]
	at org.apache.jmeter.visualizers.SamplerResultTab.init(SamplerResultTab.java:241) ~[ApacheJMeter_components.jar:5.5]
	at org.apache.jmeter.visualizers.ViewResultsFullVisualizer.init(ViewResultsFullVisualizer.java:367) ~[ApacheJMeter_components.jar:5.5]
	at org.apache.jmeter.visualizers.ViewResultsFullVisualizer.<init>(ViewResultsFullVisualizer.java:156) ~[ApacheJMeter_components.jar:5.5]
	at jdk.internal.reflect.NativeConstructorAccessorImpl.newInstance0(Native Method) ~[?:?]
	at jdk.internal.reflect.NativeConstructorAccessorImpl.newInstance(NativeConstructorAccessorImpl.java:77) ~[?:?]
	at jdk.internal.reflect.DelegatingConstructorAccessorImpl.newInstance(DelegatingConstructorAccessorImpl.java:45) ~[?:?]
	at java.lang.reflect.Constructor.newInstanceWithCaller(Constructor.java:499) ~[?:?]
	at java.lang.reflect.Constructor.newInstance(Constructor.java:480) ~[?:?]
	at org.apache.jmeter.gui.GuiPackage.getGuiFromCache(GuiPackage.java:423) ~[ApacheJMeter_core.jar:5.5]
	at org.apache.jmeter.gui.GuiPackage.getGui(GuiPackage.java:266) ~[ApacheJMeter_core.jar:5.5]
	at org.apache.jmeter.gui.GuiPackage.getGui(GuiPackage.java:237) ~[ApacheJMeter_core.jar:5.5]
	at org.apache.jmeter.gui.tree.JMeterTreeModel.addComponent(JMeterTreeModel.java:160) ~[ApacheJMeter_core.jar:5.5]
	at org.apache.jmeter.gui.tree.JMeterTreeModel.addSubTree(JMeterTreeModel.java:131) ~[ApacheJMeter_core.jar:5.5]
	at org.apache.jmeter.gui.tree.JMeterTreeModel.addSubTree(JMeterTreeModel.java:131) ~[ApacheJMeter_core.jar:5.5]
	at org.apache.jmeter.gui.tree.JMeterTreeModel.addSubTree(JMeterTreeModel.java:123) ~[ApacheJMeter_core.jar:5.5]
	at org.apache.jmeter.gui.GuiPackage.addSubTree(GuiPackage.java:554) ~[ApacheJMeter_core.jar:5.5]
	at org.apache.jmeter.gui.action.Load.insertLoadedTree(Load.java:199) ~[ApacheJMeter_core.jar:5.5]
	at org.apache.jmeter.gui.action.Load.loadProjectFile(Load.java:130) ~[ApacheJMeter_core.jar:5.5]
	at org.apache.jmeter.gui.action.Load.loadProjectFile(Load.java:101) ~[ApacheJMeter_core.jar:5.5]
	at org.apache.jmeter.gui.action.Load.doActionAfterCheck(Load.java:88) ~[ApacheJMeter_core.jar:5.5]
	at org.apache.jmeter.gui.action.AbstractActionWithNoRunningTest.doAction(AbstractActionWithNoRunningTest.java:44) ~[ApacheJMeter_core.jar:5.5]
	at org.apache.jmeter.gui.action.ActionRouter.performAction(ActionRouter.java:87) ~[ApacheJMeter_core.jar:5.5]
	at org.apache.jmeter.gui.action.ActionRouter.lambda$actionPerformed$0(ActionRouter.java:69) ~[ApacheJMeter_core.jar:5.5]
	at java.awt.event.InvocationEvent.dispatch(InvocationEvent.java:318) ~[?:?]
	at java.awt.EventQueue.dispatchEventImpl(EventQueue.java:771) ~[?:?]
	at java.awt.EventQueue$4.run(EventQueue.java:722) ~[?:?]
	at java.awt.EventQueue$4.run(EventQueue.java:716) ~[?:?]
	at java.security.AccessController.doPrivileged(AccessController.java:399) ~[?:?]
	at java.security.ProtectionDomain$JavaSecurityAccessImpl.doIntersectionPrivilege(ProtectionDomain.java:86) ~[?:?]
	at java.awt.EventQueue.dispatchEvent(EventQueue.java:741) ~[?:?]
	at java.awt.EventDispatchThread.pumpOneEventForFilters(EventDispatchThread.java:203) ~[?:?]
	at java.awt.EventDispatchThread.pumpEventsForFilter(EventDispatchThread.java:124) ~[?:?]
	at java.awt.EventDispatchThread.pumpEventsForHierarchy(EventDispatchThread.java:113) ~[?:?]
	at java.awt.EventDispatchThread.pumpEvents(EventDispatchThread.java:109) ~[?:?]
	at java.awt.EventDispatchThread.pumpEvents(EventDispatchThread.java:101) ~[?:?]
	at java.awt.EventDispatchThread.run(EventDispatchThread.java:90) ~[?:?]
2024-05-05 23:34:01,277 INFO o.a.j.s.FileServer: Set new base='C:\Rajesh\Performance_Testing\Tools\JMeter\apache-jmeter\jmeter\bin\examples'
2024-05-05 23:35:21,111 INFO o.a.j.g.a.v.TreeClonerForValidation: Running validation with number of threads:1, ignoreTimers:true, number of iterations:1
2024-05-05 23:35:21,126 INFO o.a.j.e.StandardJMeterEngine: Running the test!
2024-05-05 23:35:21,126 INFO o.a.j.s.SampleEvent: List of sample_variables: []
2024-05-05 23:35:21,126 INFO o.a.j.s.SampleEvent: List of sample_variables: []
2024-05-05 23:35:21,126 INFO o.a.j.e.u.CompoundVariable: Note: Function class names must contain the string: '.functions.'
2024-05-05 23:35:21,126 INFO o.a.j.e.u.CompoundVariable: Note: Function class names must not contain the string: '.gui.'
2024-05-05 23:35:21,164 INFO k.a.j.p.PerfMonCollector: PerfMon metrics will be stored in C:\Users\RCHAUD~1\AppData\Local\Temp\perfmon_2769436190451601420.jtl
2024-05-05 23:35:21,164 INFO k.a.j.p.PerfMonCollector: Can't connect TCP transport for host: localhost/127.0.0.1:4444
java.net.ConnectException: Connection refused: connect
	at sun.nio.ch.Net.connect0(Native Method) ~[?:?]
	at sun.nio.ch.Net.connect(Net.java:579) ~[?:?]
	at sun.nio.ch.Net.connect(Net.java:568) ~[?:?]
	at sun.nio.ch.NioSocketImpl.connect(NioSocketImpl.java:593) ~[?:?]
	at java.net.SocksSocketImpl.connect(SocksSocketImpl.java:327) ~[?:?]
	at java.net.Socket.connect(Socket.java:633) ~[?:?]
	at java.net.Socket.connect(Socket.java:583) ~[?:?]
	at kg.apc.perfmon.client.TransportFactory.TCPInstance(TransportFactory.java:91) ~[perfmon-2.2.2.jar:?]
	at kg.apc.jmeter.perfmon.PerfMonCollector.getConnector(PerfMonCollector.java:243) ~[jmeter-plugins-perfmon-2.1.jar:?]
	at kg.apc.jmeter.perfmon.PerfMonCollector.initiateConnector(PerfMonCollector.java:228) ~[jmeter-plugins-perfmon-2.1.jar:?]
	at kg.apc.jmeter.perfmon.PerfMonCollector.initiateConnectors(PerfMonCollector.java:175) ~[jmeter-plugins-perfmon-2.1.jar:?]
	at kg.apc.jmeter.perfmon.PerfMonCollector.testStarted(PerfMonCollector.java:126) ~[jmeter-plugins-perfmon-2.1.jar:?]
	at org.apache.jmeter.reporters.ResultCollector.testStarted(ResultCollector.java:350) ~[ApacheJMeter_core.jar:5.5]
	at kg.apc.jmeter.vizualizers.CorrectedResultCollector.testStarted(CorrectedResultCollector.java:28) ~[jmeter-plugins-cmn-jmeter-0.7.jar:?]
	at org.apache.jmeter.engine.StandardJMeterEngine.notifyTestListenersOfStart(StandardJMeterEngine.java:218) ~[ApacheJMeter_core.jar:5.5]
	at org.apache.jmeter.engine.StandardJMeterEngine.run(StandardJMeterEngine.java:396) ~[ApacheJMeter_core.jar:5.5]
	at java.lang.Thread.run(Thread.java:842) ~[?:?]
2024-05-05 23:35:21,180 ERROR k.a.j.p.PerfMonCollector: Problems creating connector
java.net.ConnectException: Connection refused: connect
	at sun.nio.ch.Net.connect0(Native Method) ~[?:?]
	at sun.nio.ch.Net.connect(Net.java:579) ~[?:?]
	at sun.nio.ch.Net.connect(Net.java:568) ~[?:?]
	at sun.nio.ch.NioSocketImpl.connect(NioSocketImpl.java:593) ~[?:?]
	at java.net.SocksSocketImpl.connect(SocksSocketImpl.java:327) ~[?:?]
	at java.net.Socket.connect(Socket.java:633) ~[?:?]
	at java.net.Socket.connect(Socket.java:583) ~[?:?]
	at kg.apc.perfmon.client.TransportFactory.TCPInstance(TransportFactory.java:91) ~[perfmon-2.2.2.jar:?]
	at kg.apc.jmeter.perfmon.PerfMonCollector.getConnector(PerfMonCollector.java:243) ~[jmeter-plugins-perfmon-2.1.jar:?]
	at kg.apc.jmeter.perfmon.PerfMonCollector.initiateConnector(PerfMonCollector.java:228) ~[jmeter-plugins-perfmon-2.1.jar:?]
	at kg.apc.jmeter.perfmon.PerfMonCollector.initiateConnectors(PerfMonCollector.java:175) ~[jmeter-plugins-perfmon-2.1.jar:?]
	at kg.apc.jmeter.perfmon.PerfMonCollector.testStarted(PerfMonCollector.java:126) ~[jmeter-plugins-perfmon-2.1.jar:?]
	at org.apache.jmeter.reporters.ResultCollector.testStarted(ResultCollector.java:350) ~[ApacheJMeter_core.jar:5.5]
	at kg.apc.jmeter.vizualizers.CorrectedResultCollector.testStarted(CorrectedResultCollector.java:28) ~[jmeter-plugins-cmn-jmeter-0.7.jar:?]
	at org.apache.jmeter.engine.StandardJMeterEngine.notifyTestListenersOfStart(StandardJMeterEngine.java:218) ~[ApacheJMeter_core.jar:5.5]
	at org.apache.jmeter.engine.StandardJMeterEngine.run(StandardJMeterEngine.java:396) ~[ApacheJMeter_core.jar:5.5]
	at java.lang.Thread.run(Thread.java:842) ~[?:?]
2024-05-05 23:35:21,180 ERROR k.a.j.p.PerfMonCollector: Perfmon plugin error: java.net.ConnectException: Connection refused: connect
2024-05-05 23:35:21,180 INFO o.a.j.g.u.JMeterMenuBar: setRunning(true, *local*)
2024-05-05 23:35:21,227 INFO o.a.j.e.StandardJMeterEngine: Starting ThreadGroup: 1 : Planit_FlightBooking_01_BookFlight
2024-05-05 23:35:21,227 INFO o.a.j.e.StandardJMeterEngine: Starting 1 threads for group Planit_FlightBooking_01_BookFlight.
2024-05-05 23:35:21,227 INFO o.a.j.e.StandardJMeterEngine: Thread will start next loop on error
2024-05-05 23:35:21,227 INFO o.a.j.t.ThreadGroup: Starting thread group... number=1 threads=1 ramp-up=1 delayedStart=false
2024-05-05 23:35:21,227 INFO o.a.j.t.ThreadGroup: Started thread group number 1
2024-05-05 23:35:21,227 INFO o.a.j.e.StandardJMeterEngine: All thread groups have been started
2024-05-05 23:35:21,243 INFO o.a.j.t.JMeterThread: Thread started: Planit_FlightBooking_01_BookFlight 1-1
2024-05-05 23:35:21,243 INFO o.a.j.p.h.s.HTTPHCAbstractImpl: Local host = PL-NZ-PF45G0W1
2024-05-05 23:35:21,243 INFO o.a.j.p.h.s.HTTPHC4Impl: HTTP request retry count = 0
2024-05-05 23:35:21,358 INFO o.a.j.p.h.s.h.LazyLayeredConnectionSocketFactory: Setting up HTTPS TrustAll Socket Factory
2024-05-05 23:35:21,358 INFO o.a.j.u.JsseSSLManager: Using default SSL protocol: TLS
2024-05-05 23:35:21,358 INFO o.a.j.u.JsseSSLManager: SSL session context: per-thread
2024-05-05 23:35:21,396 INFO o.a.j.u.SSLManager: JmeterKeyStore Location:  type JKS
2024-05-05 23:35:21,396 INFO o.a.j.u.SSLManager: KeyStore created OK
2024-05-05 23:35:21,396 WARN o.a.j.u.SSLManager: Keystore file not found, loading empty keystore
2024-05-05 23:35:22,183 ERROR k.a.j.p.PerfMonCollector: Perfmon plugin error: java.net.ConnectException: Connection refused: connect
2024-05-05 23:35:23,184 ERROR k.a.j.p.PerfMonCollector: Perfmon plugin error: java.net.ConnectException: Connection refused: connect
2024-05-05 23:35:23,247 INFO o.a.j.s.FileServer: Stored: customers.csv
2024-05-05 23:35:23,735 INFO o.a.j.t.JMeterThread: Thread is done: Planit_FlightBooking_01_BookFlight 1-1
2024-05-05 23:35:23,735 INFO o.a.j.t.JMeterThread: Thread finished: Planit_FlightBooking_01_BookFlight 1-1
2024-05-05 23:35:23,736 INFO o.a.j.e.StandardJMeterEngine: Notifying test listeners of end of test
2024-05-05 23:35:23,736 INFO o.a.j.s.FileServer: Close: customers.csv
2024-05-05 23:35:23,739 INFO o.a.j.g.u.JMeterMenuBar: setRunning(false, *local*)
